cgi-bin/build_layout.bash dd13b4a9a1637253e4fb8263cad89a8a15bcf6c1e62775 MDErgo1 "MDErgo1-Default-0.kll" "MDErgo1-Default-1.kll" "MDErgo1-Default-2.kll"  2>&1
/srv/KiiConf-Alpha/dist/tmp/dd13b4a9a1637253e4fb8263cad89a8a15bcf6c1e62775
+ mkdir -p right
/srv/KiiConf-Alpha/dist/tmp/dd13b4a9a1637253e4fb8263cad89a8a15bcf6c1e62775
+ mkdir -p left
+ cd left
+ cd right
+ cp ../MDErgo1-Default-0.kll ../MDErgo1-Default-1.kll ../MDErgo1-Default-2.kll .
+ cp ../MDErgo1-Default-0.kll ../MDErgo1-Default-1.kll ../MDErgo1-Default-2.kll .
+ cmake /srv/KiiConf-Alpha/controller -DScanModule=MDErgo1 -DCHIP=mk20dx256vlh7 '-DBaseMap=defaultMap leftHand slave1 rightHand' -DMacroModule=PartialMap -DOutputModule=pjrcUSB -DDebugModule=full '-DDefaultMap=MDErgo1-Default-0 lcdFuncMap' '-DPartialMaps=MDErgo1-Default-1 lcdFuncMap;MDErgo1-Default-2 lcdFuncMap' -DCONFIGURATOR=1
+ cmake /srv/KiiConf-Alpha/controller -DScanModule=MDErgo1 -DCHIP=mk20dx256vlh7 '-DBaseMap=defaultMap rightHand slave1 leftHand' -DMacroModule=PartialMap -DOutputModule=pjrcUSB -DDebugModule=full '-DDefaultMap=MDErgo1-Default-0 lcdFuncMap' '-DPartialMaps=MDErgo1-Default-1 lcdFuncMap;MDErgo1-Default-2 lcdFuncMap' -DCONFIGURATOR=1
-- Compiler Family:
arm
-- Compiler Selected:
gcc
-- Chip Selected:
mk20dx256vlh7
-- Chip Family:
mk20dx
-- CPU Selected:
cortex-m4
-- Compiler Source Files:
Lib/mk20dx.c;Lib/delay.c
-- Bootloader Type:
dfu
-- Compiler Family:
arm
-- Compiler Selected:
gcc
-- Chip Selected:
mk20dx256vlh7
-- Chip Family:
mk20dx
-- CPU Selected:
cortex-m4
-- Compiler Source Files:
Lib/mk20dx.c;Lib/delay.c
-- Bootloader Type:
dfu
-- Detected Scan Module Source Files:
Scan/ISSILed/led_scan.c;Scan/MatrixARM/matrix_scan.c;Scan/STLcd/lcd_scan.c;Scan/UARTConnect/connect_scan.c;Scan/MDErgo1/scan_loop.c
-- Detected Macro Module Source Files:
Macro/PartialMap/macro.c;Macro/PartialMap/result.c;Macro/PartialMap/trigger.c
-- Detected Output Module Source Files:
Output/pjrcUSB/output_com.c;Output/pjrcUSB/arm/usb_desc.c;Output/pjrcUSB/arm/usb_dev.c;Output/pjrcUSB/arm/usb_joystick.c;Output/pjrcUSB/arm/usb_keyboard.c;Output/pjrcUSB/arm/usb_mem.c;Output/pjrcUSB/arm/usb_mouse.c;Output/pjrcUSB/arm/usb_rawio.c;Output/pjrcUSB/arm/usb_serial.c
-- Detected Scan Module Source Files:
Scan/ISSILed/led_scan.c;Scan/MatrixARM/matrix_scan.c;Scan/STLcd/lcd_scan.c;Scan/UARTConnect/connect_scan.c;Scan/MDErgo1/scan_loop.c
-- Detected Macro Module Source Files:
Macro/PartialMap/macro.c;Macro/PartialMap/result.c;Macro/PartialMap/trigger.c
-- Detected Output Module Source Files:
Output/pjrcUSB/output_com.c;Output/pjrcUSB/arm/usb_desc.c;Output/pjrcUSB/arm/usb_dev.c;Output/pjrcUSB/arm/usb_joystick.c;Output/pjrcUSB/arm/usb_keyboard.c;Output/pjrcUSB/arm/usb_mem.c;Output/pjrcUSB/arm/usb_mouse.c;Output/pjrcUSB/arm/usb_rawio.c;Output/pjrcUSB/arm/usb_serial.c
-- Detected Debug Module Source Files:
Debug/cli/cli.c;Debug/led/led.c;Debug/print/print.c
-- Detected Debug Module Source Files:
Debug/cli/cli.c;Debug/led/led.c;Debug/print/print.c
-- Found Git: /usr/bin/git (found version "1.9.1") 
-- Found Git: /usr/bin/git (found version "1.9.1") 
-- Found Ctags: /usr/bin/ctags (found version "5.9~svn20110310") 
-- Found Ctags: /usr/bin/ctags (found version "5.9~svn20110310") 
ctags: cannot open tag file : Permission denied
ctags: cannot open tag file : Permission denied
-- Found PythonInterp: python3 (found suitable version "3.4.3", minimum required is "3") 
-- Found PythonInterp: python3 (found suitable version "3.4.3", minimum required is "3") 
-- Detected Layout Files:
/srv/KiiConf-Alpha/controller/Scan/ISSILed/capabilities.kll
/srv/KiiConf-Alpha/controller/Scan/MatrixARM/capabilities.kll
/srv/KiiConf-Alpha/controller/Scan/STLcd/capabilities.kll
/srv/KiiConf-Alpha/controller/Scan/UARTConnect/capabilities.kll
/srv/KiiConf-Alpha/controller/Macro/PartialMap/capabilities.kll
/srv/KiiConf-Alpha/controller/Output/pjrcUSB/capabilities.kll
/srv/KiiConf-Alpha/controller/Scan/MDErgo1/scancode_map.kll
/srv/KiiConf-Alpha/controller/Scan/MDErgo1/rightHand.kll
/srv/KiiConf-Alpha/controller/Scan/MDErgo1/slave1.kll
/srv/KiiConf-Alpha/controller/Scan/MDErgo1/leftHand.kll
/srv/KiiConf-Alpha/dist/tmp/dd13b4a9a1637253e4fb8263cad89a8a15bcf6c1e62775/right/MDErgo1-Default-0.kll
/srv/KiiConf-Alpha/controller/kll/layouts/lcdFuncMap.kll
/srv/KiiConf-Alpha/dist/tmp/dd13b4a9a1637253e4fb8263cad89a8a15bcf6c1e62775/right/MDErgo1-Default-1.kll
/srv/KiiConf-Alpha/controller/kll/layouts/lcdFuncMap.kll
/srv/KiiConf-Alpha/dist/tmp/dd13b4a9a1637253e4fb8263cad89a8a15bcf6c1e62775/right/MDErgo1-Default-2.kll
/srv/KiiConf-Alpha/controller/kll/layouts/lcdFuncMap.kll
-- Detected Layout Files:
/srv/KiiConf-Alpha/controller/Scan/ISSILed/capabilities.kll
/srv/KiiConf-Alpha/controller/Scan/MatrixARM/capabilities.kll
/srv/KiiConf-Alpha/controller/Scan/STLcd/capabilities.kll
/srv/KiiConf-Alpha/controller/Scan/UARTConnect/capabilities.kll
/srv/KiiConf-Alpha/controller/Macro/PartialMap/capabilities.kll
/srv/KiiConf-Alpha/controller/Output/pjrcUSB/capabilities.kll
/srv/KiiConf-Alpha/controller/Scan/MDErgo1/scancode_map.kll
/srv/KiiConf-Alpha/controller/Scan/MDErgo1/leftHand.kll
/srv/KiiConf-Alpha/controller/Scan/MDErgo1/slave1.kll
/srv/KiiConf-Alpha/controller/Scan/MDErgo1/rightHand.kll
/srv/KiiConf-Alpha/dist/tmp/dd13b4a9a1637253e4fb8263cad89a8a15bcf6c1e62775/left/MDErgo1-Default-0.kll
/srv/KiiConf-Alpha/controller/kll/layouts/lcdFuncMap.kll
/srv/KiiConf-Alpha/dist/tmp/dd13b4a9a1637253e4fb8263cad89a8a15bcf6c1e62775/left/MDErgo1-Default-1.kll
/srv/KiiConf-Alpha/controller/kll/layouts/lcdFuncMap.kll
/srv/KiiConf-Alpha/dist/tmp/dd13b4a9a1637253e4fb8263cad89a8a15bcf6c1e62775/left/MDErgo1-Default-2.kll
/srv/KiiConf-Alpha/controller/kll/layouts/lcdFuncMap.kll
-- Found DFU_SUFFIX: /usr/local/bin/dfu-suffix (found version "0.8") 
-- Found DFU_SUFFIX: /usr/local/bin/dfu-suffix (found version "0.8") 
-- Configuring done
-- Configuring done
-- Generating done
CMake Warning:
  Manually-specified variables were not used by the project:

    CONFIGURATOR


-- Build files have been written to: /srv/KiiConf-Alpha/dist/tmp/dd13b4a9a1637253e4fb8263cad89a8a15bcf6c1e62775/right
-- Generating done
CMake Warning:
  Manually-specified variables were not used by the project:

    CONFIGURATOR


-- Build files have been written to: /srv/KiiConf-Alpha/dist/tmp/dd13b4a9a1637253e4fb8263cad89a8a15bcf6c1e62775/left
+ make -j
+ make -j
[  4%] [  4%] Generating KLL Layout
Generating KLL Layout
Scanning dependencies of target kiibohd.elf
[  8%] [ 16%] [ 16%] [ 20%] [ 24%] Building C object CMakeFiles/kiibohd.elf.dir/Lib/mk20dx.c.o
Building C object CMakeFiles/kiibohd.elf.dir/Lib/delay.c.o
[ 28%] [ 32%] Building C object CMakeFiles/kiibohd.elf.dir/Scan/ISSILed/led_scan.c.o
[ 36%] Building C object CMakeFiles/kiibohd.elf.dir/main.c.o
Building C object CMakeFiles/kiibohd.elf.dir/Scan/MatrixARM/matrix_scan.c.o
Building C object CMakeFiles/kiibohd.elf.dir/Scan/STLcd/lcd_scan.c.o
Building C object CMakeFiles/kiibohd.elf.dir/Scan/UARTConnect/connect_scan.c.o
Building C object CMakeFiles/kiibohd.elf.dir/Scan/MDErgo1/scan_loop.c.o
[ 40%] [ 44%] Scanning dependencies of target kiibohd.elf
Building C object CMakeFiles/kiibohd.elf.dir/Macro/PartialMap/macro.c.o
[ 48%] Building C object CMakeFiles/kiibohd.elf.dir/Macro/PartialMap/result.c.o
[  8%] [ 52%] [ 12%] [ 16%] Building C object CMakeFiles/kiibohd.elf.dir/main.c.o
Building C object CMakeFiles/kiibohd.elf.dir/Output/pjrcUSB/output_com.c.o
[ 60%] Building C object CMakeFiles/kiibohd.elf.dir/Macro/PartialMap/trigger.c.o
[ 60%] Building C object CMakeFiles/kiibohd.elf.dir/Lib/delay.c.o
[ 64%] Building C object CMakeFiles/kiibohd.elf.dir/Lib/mk20dx.c.o
[ 68%] [ 20%] [ 24%] [ 28%] Building C object CMakeFiles/kiibohd.elf.dir/Output/pjrcUSB/arm/usb_dev.c.o
Building C object CMakeFiles/kiibohd.elf.dir/Output/pjrcUSB/arm/usb_desc.c.o
Building C object CMakeFiles/kiibohd.elf.dir/Output/pjrcUSB/arm/usb_joystick.c.o
Building C object CMakeFiles/kiibohd.elf.dir/Scan/ISSILed/led_scan.c.o
[ 32%] Building C object CMakeFiles/kiibohd.elf.dir/Output/pjrcUSB/arm/usb_keyboard.c.o
[ 36%] Building C object CMakeFiles/kiibohd.elf.dir/Scan/MatrixARM/matrix_scan.c.o
[ 72%] Building C object CMakeFiles/kiibohd.elf.dir/Scan/STLcd/lcd_scan.c.o
[ 76%] Building C object CMakeFiles/kiibohd.elf.dir/Output/pjrcUSB/arm/usb_mouse.c.o
Building C object CMakeFiles/kiibohd.elf.dir/Output/pjrcUSB/arm/usb_mem.c.o
[ 80%] [ 84%] Building C object CMakeFiles/kiibohd.elf.dir/Scan/MDErgo1/scan_loop.c.o
Building C object CMakeFiles/kiibohd.elf.dir/Scan/UARTConnect/connect_scan.c.o
[ 40%] Building C object CMakeFiles/kiibohd.elf.dir/Output/pjrcUSB/arm/usb_rawio.c.o
[ 44%] [ 88%] [ 92%] Building C object CMakeFiles/kiibohd.elf.dir/Output/pjrcUSB/arm/usb_serial.c.o
Building C object CMakeFiles/kiibohd.elf.dir/Macro/PartialMap/macro.c.o
Building C object CMakeFiles/kiibohd.elf.dir/Macro/PartialMap/result.c.o
Building C object CMakeFiles/kiibohd.elf.dir/Debug/led/led.c.o
Building C object CMakeFiles/kiibohd.elf.dir/Debug/cli/cli.c.o
[ 48%] [ 52%] [ 96%] [ 56%] Building C object CMakeFiles/kiibohd.elf.dir/Debug/print/print.c.o
Building C object CMakeFiles/kiibohd.elf.dir/Macro/PartialMap/trigger.c.o
Building C object CMakeFiles/kiibohd.elf.dir/Output/pjrcUSB/output_com.c.o
Building C object CMakeFiles/kiibohd.elf.dir/Output/pjrcUSB/arm/usb_desc.c.o
[ 60%] [ 64%] Building C object CMakeFiles/kiibohd.elf.dir/Output/pjrcUSB/arm/usb_dev.c.o
[ 68%] Building C object CMakeFiles/kiibohd.elf.dir/Output/pjrcUSB/arm/usb_joystick.c.o
[ 72%] Building C object CMakeFiles/kiibohd.elf.dir/Output/pjrcUSB/arm/usb_keyboard.c.o
[ 76%] Building C object CMakeFiles/kiibohd.elf.dir/Output/pjrcUSB/arm/usb_mouse.c.o
[ 80%] Building C object CMakeFiles/kiibohd.elf.dir/Output/pjrcUSB/arm/usb_mem.c.o
Building C object CMakeFiles/kiibohd.elf.dir/Output/pjrcUSB/arm/usb_rawio.c.o
[ 84%] [ 88%] Building C object CMakeFiles/kiibohd.elf.dir/Output/pjrcUSB/arm/usb_serial.c.o
[ 92%] [ 96%] Building C object CMakeFiles/kiibohd.elf.dir/Debug/led/led.c.o
Building C object CMakeFiles/kiibohd.elf.dir/Debug/print/print.c.o
Linking C executable kiibohd.elf
Building C object CMakeFiles/kiibohd.elf.dir/Debug/cli/cli.c.o
Create and sign dfu bin file:  kiibohd.dfu.bin
Creating Extended Listing:     kiibohd.lss
Creating Symbol Table:         kiibohd.sym
[ 96%] Built target kiibohd.elf
Scanning dependencies of target SizeAfter
[100%] Chip usage for mk20dx256vlh7
Linking C executable kiibohd.elf
	[1m SRAM[m: 	[1;32m15%[m 	10168/65536	bytes
	[1mFlash[m: 	[1;32m17%[m 	44836/253952	bytes
[100%] Built target SizeAfter
+ RETVAL=0
+ set +x
Create and sign dfu bin file:  kiibohd.dfu.bin
Creating Extended Listing:     kiibohd.lss
Creating Symbol Table:         kiibohd.sym
[ 96%] Built target kiibohd.elf
Scanning dependencies of target SizeAfter
[100%] Chip usage for mk20dx256vlh7
	[1m SRAM[m: 	[1;32m15%[m 	10152/65536	bytes
	[1mFlash[m: 	[1;32m17%[m 	44788/253952	bytes
[100%] Built target SizeAfter
+ RETVAL=0
+ set +x
/srv/KiiConf-Alpha/dist/tmp/dd13b4a9a1637253e4fb8263cad89a8a15bcf6c1e62775
